proguard_logs/seeds.txt
com.laipengxu.AndroidHotFixDemo.R$attr
com.laipengxu.AndroidHotFixDemo.R$attr: R$attr()
com.laipengxu.AndroidHotFixDemo.R$drawable
com.laipengxu.AndroidHotFixDemo.R$drawable: int ic_launcher
com.laipengxu.AndroidHotFixDemo.R$drawable: R$drawable()
com.laipengxu.AndroidHotFixDemo.R$id
com.laipengxu.AndroidHotFixDemo.R$id: int btn_main
com.laipengxu.AndroidHotFixDemo.R$id: R$id()
com.laipengxu.AndroidHotFixDemo.R$layout
com.laipengxu.AndroidHotFixDemo.R$layout: int activity_error
com.laipengxu.AndroidHotFixDemo.R$layout: int activity_success
com.laipengxu.AndroidHotFixDemo.R$layout: int main
com.laipengxu.AndroidHotFixDemo.R$layout: int second
com.laipengxu.AndroidHotFixDemo.R$layout: R$layout()
com.laipengxu.AndroidHotFixDemo.R$string
com.laipengxu.AndroidHotFixDemo.R$string: int app_name
com.laipengxu.AndroidHotFixDemo.R$string: R$string()
com.laipengxu.AndroidHotFixDemo.activities.ErrorActivity
com.laipengxu.AndroidHotFixDemo.activities.ErrorActivity: ErrorActivity()
com.laipengxu.AndroidHotFixDemo.activities.MainActivity
com.laipengxu.AndroidHotFixDemo.activities.MainActivity: MainActivity()
com.laipengxu.AndroidHotFixDemo.activities.MainActivity: void onClick(android.view.View)
com.laipengxu.AndroidHotFixDemo.activities.SuccessActivity
com.laipengxu.AndroidHotFixDemo.activities.SuccessActivity: SuccessActivity()
com.laipengxu.AndroidHotFixDemo.application.MyApplication
com.laipengxu.AndroidHotFixDemo.application.MyApplication: MyApplication()
...
android.support.v4.content.SharedPreferencesCompat
android.support.v4.content.SharedPreferencesCompat: SharedPreferencesCompat()
android.support.v4.content.SharedPreferencesCompat$1
android.support.v4.content.SharedPreferencesCompat$EditorCompat
android.support.v4.content.SharedPreferencesCompat$EditorCompat: android.support.v4.content.SharedPreferencesCompat$EditorCompat sInstance
android.support.v4.content.SharedPreferencesCompat$EditorCompat: android.support.v4.content.SharedPreferencesCompat$EditorCompat$Helper mHelper
android.support.v4.content.SharedPreferencesCompat$EditorCompat: SharedPreferencesCompat$EditorCompat()
android.support.v4.content.SharedPreferencesCompat$EditorCompat: android.support.v4.content.SharedPreferencesCompat$EditorCompat getInstance()
android.support.v4.content.SharedPreferencesCompat$EditorCompat: void apply(android.content.SharedPreferences$Editor)
android.support.v4.content.SharedPreferencesCompat$EditorCompat$EditorHelperApi9Impl
android.support.v4.content.SharedPreferencesCompat$EditorCompat$EditorHelperApi9Impl: SharedPreferencesCompat$EditorCompat$EditorHelperApi9Impl()
android.support.v4.content.SharedPreferencesCompat$EditorCompat$EditorHelperApi9Impl: void apply(android.content.SharedPreferences$Editor)
android.support.v4.content.SharedPreferencesCompat$EditorCompat$EditorHelperApi9Impl: SharedPreferencesCompat$EditorCompat$EditorHelperApi9Impl(android.support.v4.content.SharedPreferencesCompat$1)
android.support.v4.content.SharedPreferencesCompat$EditorCompat$EditorHelperBaseImpl
android.support.v4.content.SharedPreferencesCompat$EditorCompat$EditorHelperBaseImpl: SharedPreferencesCompat$EditorCompat$EditorHelperBaseImpl()
android.support.v4.content.SharedPreferencesCompat$EditorCompat$EditorHelperBaseImpl: void apply(android.content.SharedPreferences$Editor)
android.support.v4.content.SharedPreferencesCompat$EditorCompat$EditorHelperBaseImpl: SharedPreferencesCompat$EditorCompat$EditorHelperBaseImpl(android.support.v4.content.SharedPreferencesCompat$1)
android.support.v4.content.SharedPreferencesCompat$EditorCompat$Helper
android.support.v4.content.SharedPreferencesCompat$EditorCompat$Helper: void apply(android.content.SharedPreferences$Editor)
android.support.v4.content.WakefulBroadcastReceiver
android.support.v4.content.WakefulBroadcastReceiver: java.lang.String EXTRA_WAKE_LOCK_ID
android.support.v4.content.WakefulBroadcastReceiver: android.util.SparseArray mActiveWakeLocks
android.support.v4.content.WakefulBroadcastReceiver: int mNextId
android.support.v4.content.WakefulBroadcastReceiver: WakefulBroadcastReceiver()
android.support.v4.content.WakefulBroadcastReceiver: android.content.ComponentName startWakefulService(android.content.Context,android.content.Intent)
android.support.v4.content.WakefulBroadcastReceiver: boolean completeWakefulIntent(android.content.Intent)
android.support.v4.content.WakefulBroadcastReceiver: void <clinit>()
android.support.v4.content.pm.ActivityInfoCompat
android.support.v4.content.pm.ActivityInfoCompat: int CONFIG_UI_MODE
android.support.v4.content.pm.ActivityInfoCompat: ActivityInfoCompat()
android.support.v4.content.res.ResourcesCompat
android.support.v4.content.res.ResourcesCompat: android.graphics.drawable.Drawable getDrawable(android.content.res.Resources,int,android.content.res.Resources$Theme)
android.support.v4.content.res.ResourcesCompat: android.graphics.drawable.Drawable getDrawableForDensity(android.content.res.Resources,int,int,android.content.res.Resources$Theme)
android.support.v4.content.res.ResourcesCompat: int getColor(android.content.res.Resources,int,android.content.res.Resources$Theme)
android.support.v4.content.res.ResourcesCompat: android.content.res.ColorStateList getColorStateList(android.content.res.Resources,int,android.content.res.Resources$Theme)
android.support.v4.content.res.ResourcesCompat: ResourcesCompat()