proguard_logs/mapping.txt
com.laipengxu.AndroidHotFixDemo.R -> com.laipengxu.AndroidHotFixDemo.R:
com.laipengxu.AndroidHotFixDemo.R$attr -> com.laipengxu.AndroidHotFixDemo.R$attr:
    11:11:void <init>() -> <init>
com.laipengxu.AndroidHotFixDemo.R$drawable -> com.laipengxu.AndroidHotFixDemo.R$drawable:
    int ic_launcher -> ic_launcher
    13:13:void <init>() -> <init>
com.laipengxu.AndroidHotFixDemo.R$id -> com.laipengxu.AndroidHotFixDemo.R$id:
    int btn_main -> btn_main
    16:16:void <init>() -> <init>
com.laipengxu.AndroidHotFixDemo.R$layout -> com.laipengxu.AndroidHotFixDemo.R$layout:
    int activity_error -> activity_error
    int activity_success -> activity_success
    int main -> main
    int second -> second
    19:19:void <init>() -> <init>
com.laipengxu.AndroidHotFixDemo.R$string -> com.laipengxu.AndroidHotFixDemo.R$string:
    int app_name -> app_name
    25:25:void <init>() -> <init>
com.laipengxu.AndroidHotFixDemo.activities.ErrorActivity -> com.laipengxu.AndroidHotFixDemo.activities.ErrorActivity:
    10:10:void <init>() -> <init>
    13:15:void onCreate(android.os.Bundle) -> onCreate
com.laipengxu.AndroidHotFixDemo.activities.MainActivity -> com.laipengxu.AndroidHotFixDemo.activities.MainActivity:
    android.widget.Button mBtn_main -> a
    24:24:void <init>() -> <init>
    34:40:void onCreate(android.os.Bundle) -> onCreate
    43:44:void initView() -> a
    47:48:void initListener() -> b
    52:53:void initData() -> c
    57:64:void onClick(android.view.View) -> onClick
    71:122:void loadPatch() -> d
com.laipengxu.AndroidHotFixDemo.activities.MainActivity$1 -> com.laipengxu.AndroidHotFixDemo.activities.a:
    com.laipengxu.AndroidHotFixDemo.activities.MainActivity this$0 -> a
    101:101:void <init>(com.laipengxu.AndroidHotFixDemo.activities.MainActivity) -> <init>
    105:110:void onNext(java.io.File) -> a
    114:115:void onError(java.lang.Throwable) -> onError
    119:119:void onComplete() -> onComplete
    101:101:void onNext(java.lang.Object) -> onNext
com.laipengxu.AndroidHotFixDemo.activities.MainActivity$2 -> com.laipengxu.AndroidHotFixDemo.activities.b:
    java.io.File val$localFile -> a
    com.laipengxu.AndroidHotFixDemo.activities.MainActivity this$0 -> b
    78:78:void <init>(com.laipengxu.AndroidHotFixDemo.activities.MainActivity,java.io.File) -> <init>
    81:81:io.reactivex.ObservableSource apply(byte[]) -> a
    78:78:java.lang.Object apply(java.lang.Object) -> a
com.laipengxu.AndroidHotFixDemo.activities.MainActivity$2$1 -> com.laipengxu.AndroidHotFixDemo.activities.c:
    byte[] val$bytes -> a
    com.laipengxu.AndroidHotFixDemo.activities.MainActivity$2 this$1 -> b
    81:81:void <init>(com.laipengxu.AndroidHotFixDemo.activities.MainActivity$2,byte[]) -> <init>
    84:95:void subscribe(io.reactivex.ObservableEmitter) -> a
com.laipengxu.AndroidHotFixDemo.activities.SuccessActivity -> com.laipengxu.AndroidHotFixDemo.activities.SuccessActivity:
    10:10:void <init>() -> <init>
    13:15:void onCreate(android.os.Bundle) -> onCreate
com.laipengxu.AndroidHotFixDemo.application.MyApplication -> com.laipengxu.AndroidHotFixDemo.application.MyApplication:
    com.laipengxu.AndroidHotFixDemo.application.MyApplication mInstance -> a
    com.alipay.euler.andfix.patch.PatchManager mPatchManager -> b
    10:10:void <init>() -> <init>
    16:16:com.laipengxu.AndroidHotFixDemo.application.MyApplication getInstance() -> a
    21:24:void onCreate() -> onCreate
    30:39:void initHotfix() -> c
    42:42:com.alipay.euler.andfix.patch.PatchManager getPatchManager() -> b
com.laipengxu.AndroidHotFixDemo.retrofit.ApiManager -> com.laipengxu.AndroidHotFixDemo.a.a:
    com.laipengxu.AndroidHotFixDemo.retrofit.ApiManager sApiManager -> a
    14:15:void <init>() -> <init>
    18:25:com.laipengxu.AndroidHotFixDemo.retrofit.ApiManager getInstance() -> a
    30:32:io.reactivex.Observable downloadVersion(java.lang.String) -> a
...
io.reactivex.internal.schedulers.IoScheduler$EventLoopWorker -> io.reactivex.internal.schedulers.b$b:
    io.reactivex.disposables.CompositeDisposable tasks -> b
    io.reactivex.internal.schedulers.IoScheduler$CachedWorkerPool pool -> c
    io.reactivex.internal.schedulers.IoScheduler$ThreadWorker threadWorker -> d
    java.util.concurrent.atomic.AtomicBoolean once -> a
    185:191:void <init>(io.reactivex.internal.schedulers.IoScheduler$CachedWorkerPool) -> <init>
    195:207:void dispose() -> dispose
    211:211:boolean isDisposed() -> isDisposed
    216:221:io.reactivex.disposables.Disposable schedule(java.lang.Runnable,long,java.util.concurrent.TimeUnit) -> a
io.reactivex.internal.schedulers.IoScheduler$ThreadWorker -> io.reactivex.internal.schedulers.b$c:
    long expirationTime -> b
    229:231:void <init>(java.util.concurrent.ThreadFactory) -> <init>
    234:234:long getExpirationTime() -> a
    238:239:void setExpirationTime(long) -> a
io.reactivex.internal.schedulers.NewThreadScheduler -> io.reactivex.internal.schedulers.c:
    io.reactivex.internal.schedulers.RxThreadFactory THREAD_FACTORY -> b
    io.reactivex.internal.schedulers.NewThreadScheduler INSTANCE -> c
    42:42:io.reactivex.internal.schedulers.NewThreadScheduler instance() -> c
    45:47:void <init>() -> <init>
    51:51:io.reactivex.Scheduler$Worker createWorker() -> a
    29:39:void <clinit>() -> <clinit>
io.reactivex.internal.schedulers.NewThreadWorker -> io.reactivex.internal.schedulers.d:
    java.util.concurrent.ScheduledExecutorService executor -> b
    boolean disposed -> a
    33:35:void <init>(java.util.concurrent.ThreadFactory) -> <init>
    39:39:io.reactivex.disposables.Disposable schedule(java.lang.Runnable) -> a
    44:47:io.reactivex.disposables.Disposable schedule(java.lang.Runnable,long,java.util.concurrent.TimeUnit) -> a
    59:70:io.reactivex.disposables.Disposable scheduleDirect(java.lang.Runnable,long,java.util.concurrent.TimeUnit) -> b
    107:130:io.reactivex.internal.schedulers.ScheduledRunnable scheduleActual(java.lang.Runnable,long,java.util.concurrent.TimeUnit,io.reactivex.internal.disposables.DisposableContainer) -> a
    135:139:void dispose() -> dispose
    143:143:boolean isDisposed() -> isDisposed
io.reactivex.internal.schedulers.RxThreadFactory -> io.reactivex.internal.schedulers.RxThreadFactory:
    long serialVersionUID -> serialVersionUID
    java.lang.String prefix -> prefix
    int priority -> priority
    34:35:void <init>(java.lang.String) -> <init>
    37:40:void <init>(java.lang.String,int) -> <init>
    44:69:java.lang.Thread newThread(java.lang.Runnable) -> newThread
    74:74:java.lang.String toString() -> toString
io.reactivex.internal.schedulers.ScheduledRunnable -> io.reactivex.internal.schedulers.ScheduledRunnable:
    long serialVersionUID -> serialVersionUID
    java.lang.Runnable actual -> actual
    java.lang.Object DISPOSED -> DISPOSED
    java.lang.Object DONE -> DONE
    int PARENT_INDEX -> PARENT_INDEX
    int FUTURE_INDEX -> FUTURE_INDEX
    43:46:void <init>(java.lang.Runnable,io.reactivex.internal.disposables.DisposableContainer) -> <init>
    51:52:java.lang.Object call() -> call
    59:77:void run() -> run
    81:92:void setFuture(java.util.concurrent.Future) -> setFuture
    98:119:void dispose() -> dispose
    124:125:boolean isDisposed() -> isDisposed
    29:31:void <clinit>() -> <clinit>
io.reactivex.internal.schedulers.SchedulerPoolFactory -> io.reactivex.internal.schedulers.e:
    boolean PURGE_ENABLED -> a
    int PURGE_PERIOD_SECONDS -> b
    java.util.concurrent.atomic.AtomicReference PURGE_THREAD -> c
    java.util.Map POOLS -> d
    61:90:void start() -> a
    127:132:java.util.concurrent.ScheduledExecutorService create(java.util.concurrent.ThreadFactory) -> a
    48:119:void <clinit>() -> <clinit>
io.reactivex.internal.schedulers.SchedulerPoolFactory$1 -> io.reactivex.internal.schedulers.f:
    68:68:void <init>() -> <init>
    72:83:void run() -> run