proguard_logs/usage.txt
com.laipengxu.AndroidHotFixDemo.BuildConfig
com.laipengxu.AndroidHotFixDemo.R:
    10:10:public R()
com.laipengxu.AndroidHotFixDemo.activities.MainActivity:
    private static final java.lang.String TAG
com.laipengxu.AndroidHotFixDemo.retrofit.MyOkHttpClient:
    11:11:public MyOkHttpClient()
com.laipengxu.AndroidHotFixDemo.retrofit.RetrofitManager:
    12:12:public RetrofitManager()
com.laipengxu.AndroidHotFixDemo.retrofit.api.VersionUpgradeService:
    public static final java.lang.String BASE_URL
com.laipengxu.AndroidHotFixDemo.retrofit.converter.string.StringConverterFactory
com.laipengxu.AndroidHotFixDemo.retrofit.converter.string.StringRequestBodyConverter
com.laipengxu.AndroidHotFixDemo.retrofit.converter.string.StringResponseBodyConverter
com.laipengxu.AndroidHotFixDemo.utils.FileUtils:
    11:11:public FileUtils()
...
io.reactivex.internal.operators.flowable.FlowableRange
io.reactivex.internal.operators.flowable.FlowableRange$BaseRangeSubscription
io.reactivex.internal.operators.flowable.FlowableRange$RangeConditionalSubscription
io.reactivex.internal.operators.flowable.FlowableRange$RangeSubscription
io.reactivex.internal.operators.flowable.FlowableRangeLong
io.reactivex.internal.operators.flowable.FlowableRangeLong$BaseRangeSubscription
io.reactivex.internal.operators.flowable.FlowableRangeLong$RangeConditionalSubscription
io.reactivex.internal.operators.flowable.FlowableRangeLong$RangeSubscription
io.reactivex.internal.operators.flowable.FlowableReduce
io.reactivex.internal.operators.flowable.FlowableReduce$ReduceSubscriber
io.reactivex.internal.operators.flowable.FlowableReduceMaybe
io.reactivex.internal.operators.flowable.FlowableReduceMaybe$ReduceSubscriber
io.reactivex.internal.operators.flowable.FlowableRefCount
io.reactivex.internal.operators.flowable.FlowableRefCount$1
io.reactivex.internal.operators.flowable.FlowableRefCount$2
io.reactivex.internal.operators.flowable.FlowableRefCount$ConnectionSubscriber
io.reactivex.internal.operators.flowable.FlowableRepeat
io.reactivex.internal.operators.flowable.FlowableRepeat$RepeatSubscriber
io.reactivex.internal.operators.flowable.FlowableRepeatUntil
io.reactivex.internal.operators.flowable.FlowableRepeatUntil$RepeatSubscriber
io.reactivex.internal.operators.flowable.FlowableRepeatWhen
io.reactivex.internal.operators.flowable.FlowableRepeatWhen$RepeatWhenSubscriber
io.reactivex.internal.operators.flowable.FlowableRepeatWhen$WhenReceiver
io.reactivex.internal.operators.flowable.FlowableRepeatWhen$WhenSourceSubscriber
io.reactivex.internal.operators.flowable.FlowableReplay
io.reactivex.internal.operators.flowable.FlowableReplay$1
io.reactivex.internal.operators.flowable.FlowableReplay$2
io.reactivex.internal.operators.flowable.FlowableReplay$2$1
io.reactivex.internal.operators.flowable.FlowableReplay$3
io.reactivex.internal.operators.flowable.FlowableReplay$4
io.reactivex.internal.operators.flowable.FlowableReplay$5
io.reactivex.internal.operators.flowable.FlowableReplay$6
io.reactivex.internal.operators.flowable.FlowableReplay$BoundedReplayBuffer
io.reactivex.internal.operators.flowable.FlowableReplay$InnerSubscription
io.reactivex.internal.operators.flowable.FlowableReplay$Node
io.reactivex.internal.operators.flowable.FlowableReplay$ReplayBuffer
io.reactivex.internal.operators.flowable.FlowableReplay$ReplaySubscriber
io.reactivex.internal.operators.flowable.FlowableReplay$SizeAndTimeBoundReplayBuffer
io.reactivex.internal.operators.flowable.FlowableReplay$SizeBoundReplayBuffer
io.reactivex.internal.operators.flowable.FlowableReplay$UnboundedReplayBuffer
io.reactivex.internal.operators.flowable.FlowableRetryBiPredicate
io.reactivex.internal.operators.flowable.FlowableRetryBiPredicate$RetryBiSubscriber
io.reactivex.internal.operators.flowable.FlowableRetryPredicate
io.reactivex.internal.operators.flowable.FlowableRetryPredicate$RepeatSubscriber
io.reactivex.internal.operators.flowable.FlowableRetryWhen
io.reactivex.internal.operators.flowable.FlowableRetryWhen$RetryWhenSubscriber
io.reactivex.internal.operators.flowable.FlowableSamplePublisher
io.reactivex.internal.operators.flowable.FlowableSamplePublisher$SamplePublisherSubscriber
io.reactivex.internal.operators.flowable.FlowableSamplePublisher$SamplerSubscriber
io.reactivex.internal.operators.flowable.FlowableSampleTimed
io.reactivex.internal.operators.flowable.FlowableSampleTimed$SampleTimedSubscriber
io.reactivex.internal.operators.flowable.FlowableScalarXMap
io.reactivex.internal.operators.flowable.FlowableScalarXMap$ScalarXMapFlowable
io.reactivex.internal.operators.flowable.FlowableScan
io.reactivex.internal.operators.flowable.FlowableScan$ScanSubscriber
io.reactivex.internal.operators.flowable.FlowableScanSeed
io.reactivex.internal.operators.flowable.FlowableScanSeed$ScanSeedSubscriber